<?xml version="1.0" encoding="UTF-8"?>
<!-- Generated by org.testng.reporters.JUnitReportReporter -->
<testsuite hostname="MSI" failures="0" tests="1" name="com.mystore.testcases.LoginPageTestClass" time="8.771" errors="0" timestamp="2022-12-06T13:30:03 IST" skipped="0">
  <testcase classname="com.mystore.testcases.LoginPageTestClass" name="loginTest" time="8.771"/>
  <system-out/>
</testsuite> <!-- com.mystore.testcases.LoginPageTestClass -->
