<?xml version="1.0" encoding="UTF-8"?>
<!-- Generated by org.testng.reporters.JUnitReportReporter -->
<testsuite hostname="MSI" failures="0" tests="1" name="com.mystore.testcases.HomePageTestClass" time="8.253" errors="0" timestamp="2022-12-06T13:21:25 IST" skipped="0">
  <testcase classname="com.mystore.testcases.HomePageTestClass" name="loggedInAsTest" time="8.253"/>
  <system-out/>
</testsuite> <!-- com.mystore.testcases.HomePageTestClass -->
