<?xml version="1.0" encoding="UTF-8"?>
<!-- Generated by org.testng.reporters.JUnitReportReporter -->
<testsuite hostname="MSI" failures="0" tests="1" name="com.mystore.testcases.EndToEndTestClass" time="25.926" errors="0" timestamp="2022-12-06T13:19:40 IST" skipped="0">
  <testcase classname="com.mystore.testcases.EndToEndTestClass" name="endToendTest" time="25.926"/>
  <system-out/>
</testsuite> <!-- com.mystore.testcases.EndToEndTestClass -->
