<?xml version="1.0" encoding="UTF-8"?>
<!-- Generated by org.testng.reporters.JUnitReportReporter -->
<testsuite hostname="MSI" failures="0" tests="2" name="com.mystore.testcases.IndexPageTestClass" time="0.116" errors="0" timestamp="2022-12-06T13:21:46 IST" skipped="0">
  <testcase classname="com.mystore.testcases.IndexPageTestClass" name="validateLogoTest" time="0.106"/>
  <system-out/>
  <testcase classname="com.mystore.testcases.IndexPageTestClass" name="validateTitleTest" time="0.010"/>
  <system-out/>
</testsuite> <!-- com.mystore.testcases.IndexPageTestClass -->
